<?xml version="1.0" encoding="UTF-8"?>
<testng-results ignored="0" total="1" passed="1" failed="0" skipped="0">
  <reporter-output>
  </reporter-output>
  <suite started-at="2023-01-10T15:10:23 IST" name="Suite" finished-at="2023-01-10T15:10:23 IST" duration-ms="77">
    <groups>
    </groups>
    <test started-at="2023-01-10T15:10:23 IST" name="Test" finished-at="2023-01-10T15:10:23 IST" duration-ms="77">
      <class name="Demo.Test3">
        <test-method signature="m3()[pri:0, instance:Demo.Test3@6c130c45]" started-at="2023-01-10T15:10:23 IST" name="m3" finished-at="2023-01-10T15:10:23 IST" duration-ms="14" status="PASS">
          <reporter-output>
          </reporter-output>
        </test-method> <!-- m3 -->
      </class> <!-- Demo.Test3 -->
    </test> <!-- Test -->
  </suite> <!-- Suite -->
</testng-results>
